# JRE version: Java(TM) SE Runtime Environment (21.0.5+9) (build 21.0.5+9-LTS-239)
# Java VM: Java HotSpot(TM) 64-Bit Server VM (21.0.5+9-LTS-239, mixed mode, emulated-client, sharing, tiered, compressed oops, compressed class ptrs, g1 gc, windows-amd64)
GC Precious Log:
 CardTable entry size: 512
 Card Set container configuration: InlinePtr #cards 4 size 8 Array Of Cards #cards 16 size 48 Howl #buckets 8 coarsen threshold 3686 Howl Bitmap #cards 512 size 80 coarsen threshold 460 Card regions per heap region 1 cards per card region 4096
 CPUs: 12 total, 12 available
 Memory: 16107M
 Large Page Support: Disabled
 NUMA Support: Disabled
 Compressed Oops: Enabled (Zero based)
 Heap Region Size: 2M
 Heap Min Capacity: 8M
 Heap Initial Capacity: 252M
 Heap Max Capacity: 4028M
 Pre-touch: Disabled
 Parallel Workers: 10
 Concurrent Workers: 3
 Concurrent Refinement Workers: 10
 Periodic GC: Disabled
Heap:
 garbage-first heap   total 114688K, used 62310K [0x0000000704400000, 0x0000000800000000)
  region size 2048K, 19 young (38912K), 4 survivors (8192K)
 Metaspace       used 69473K, committed 70208K, reserved 1114112K
  class space    used 9593K, committed 9920K, reserved 1048576K
GC Heap History (20 events):
Event: 2.146 GC heap before
{Heap before GC invocations=10 (full 0):
 garbage-first heap   total 77824K, used 59226K [0x0000000704400000, 0x0000000800000000)
  region size 2048K, 22 young (45056K), 3 survivors (6144K)
 Metaspace       used 31791K, committed 32256K, reserved 1114112K
  class space    used 4061K, committed 4288K, reserved 1048576K
}
Event: 2.148 GC heap after
{Heap after GC invocations=11 (full 0):
 garbage-first heap   total 94208K, used 21290K [0x0000000704400000, 0x0000000800000000)
  region size 2048K, 3 young (6144K), 3 survivors (6144K)
 Metaspace       used 31791K, committed 32256K, reserved 1114112K
  class space    used 4061K, committed 4288K, reserved 1048576K
}
Event: 2.498 GC heap before
{Heap before GC invocations=11 (full 0):
 garbage-first heap   total 94208K, used 68394K [0x0000000704400000, 0x0000000800000000)
  region size 2048K, 27 young (55296K), 3 survivors (6144K)
 Metaspace       used 35276K, committed 35712K, reserved 1114112K
  class space    used 4612K, committed 4800K, reserved 1048576K
}
Event: 2.500 GC heap after
{Heap after GC invocations=12 (full 0):
 garbage-first heap   total 94208K, used 22355K [0x0000000704400000, 0x0000000800000000)
  region size 2048K, 3 young (6144K), 3 survivors (6144K)
 Metaspace       used 35276K, committed 35712K, reserved 1114112K
  class space    used 4612K, committed 4800K, reserved 1048576K
}
Event: 2.863 GC heap before
{Heap before GC invocations=12 (full 0):
 garbage-first heap   total 94208K, used 69459K [0x0000000704400000, 0x0000000800000000)
  region size 2048K, 27 young (55296K), 3 survivors (6144K)
 Metaspace       used 39502K, committed 40000K, reserved 1114112K
  class space    used 5252K, committed 5440K, reserved 1048576K
}
Event: 2.866 GC heap after
{Heap after GC invocations=13 (full 0):
 garbage-first heap   total 94208K, used 24749K [0x0000000704400000, 0x0000000800000000)
  region size 2048K, 3 young (6144K), 3 survivors (6144K)
 Metaspace       used 39502K, committed 40000K, reserved 1114112K
  class space    used 5252K, committed 5440K, reserved 1048576K
}
Event: 3.194 GC heap before
{Heap before GC invocations=13 (full 0):
 garbage-first heap   total 94208K, used 73901K [0x0000000704400000, 0x0000000800000000)
  region size 2048K, 27 young (55296K), 3 survivors (6144K)
 Metaspace       used 42817K, committed 43392K, reserved 1114112K
  class space    used 5695K, committed 5952K, reserved 1048576K
}
Event: 3.198 GC heap after
{Heap after GC invocations=14 (full 0):
 garbage-first heap   total 94208K, used 27954K [0x0000000704400000, 0x0000000800000000)
  region size 2048K, 4 young (8192K), 4 survivors (8192K)
 Metaspace       used 42817K, committed 43392K, reserved 1114112K
  class space    used 5695K, committed 5952K, reserved 1048576K
}
Event: 3.333 GC heap before
{Heap before GC invocations=14 (full 0):
 garbage-first heap   total 94208K, used 56626K [0x0000000704400000, 0x0000000800000000)
  region size 2048K, 19 young (38912K), 4 survivors (8192K)
 Metaspace       used 43463K, committed 44096K, reserved 1114112K
  class space    used 5789K, committed 6080K, reserved 1048576K
}
Event: 3.336 GC heap after
{Heap after GC invocations=15 (full 0):
 garbage-first heap   total 94208K, used 28352K [0x0000000704400000, 0x0000000800000000)
  region size 2048K, 2 young (4096K), 2 survivors (4096K)
 Metaspace       used 43463K, committed 44096K, reserved 1114112K
  class space    used 5789K, committed 6080K, reserved 1048576K
}
Event: 3.658 GC heap before
{Heap before GC invocations=16 (full 0):
 garbage-first heap   total 94208K, used 77504K [0x0000000704400000, 0x0000000800000000)
  region size 2048K, 27 young (55296K), 2 survivors (4096K)
 Metaspace       used 47743K, committed 48384K, reserved 1114112K
  class space    used 6414K, committed 6720K, reserved 1048576K
}
Event: 3.659 GC heap after
{Heap after GC invocations=17 (full 0):
 garbage-first heap   total 94208K, used 29522K [0x0000000704400000, 0x0000000800000000)
  region size 2048K, 3 young (6144K), 3 survivors (6144K)
 Metaspace       used 47743K, committed 48384K, reserved 1114112K
  class space    used 6414K, committed 6720K, reserved 1048576K
}
Event: 4.067 GC heap before
{Heap before GC invocations=17 (full 0):
 garbage-first heap   total 94208K, used 78674K [0x0000000704400000, 0x0000000800000000)
  region size 2048K, 27 young (55296K), 3 survivors (6144K)
 Metaspace       used 53149K, committed 53824K, reserved 1114112K
  class space    used 7153K, committed 7488K, reserved 1048576K
}
Event: 4.072 GC heap after
{Heap after GC invocations=18 (full 0):
 garbage-first heap   total 94208K, used 30092K [0x0000000704400000, 0x0000000800000000)
  region size 2048K, 2 young (4096K), 2 survivors (4096K)
 Metaspace       used 53149K, committed 53824K, reserved 1114112K
  class space    used 7153K, committed 7488K, reserved 1048576K
}
Event: 4.403 GC heap before
{Heap before GC invocations=18 (full 0):
 garbage-first heap   total 94208K, used 79244K [0x0000000704400000, 0x0000000800000000)
  region size 2048K, 27 young (55296K), 2 survivors (4096K)
 Metaspace       used 57806K, committed 58496K, reserved 1114112K
  class space    used 7745K, committed 8064K, reserved 1048576K
}
Event: 4.405 GC heap after
{Heap after GC invocations=19 (full 0):
 garbage-first heap   total 94208K, used 30841K [0x0000000704400000, 0x0000000800000000)
  region size 2048K, 3 young (6144K), 3 survivors (6144K)
 Metaspace       used 57806K, committed 58496K, reserved 1114112K
  class space    used 7745K, committed 8064K, reserved 1048576K
}
Event: 4.672 GC heap before
{Heap before GC invocations=19 (full 0):
 garbage-first heap   total 94208K, used 75897K [0x0000000704400000, 0x0000000800000000)
  region size 2048K, 26 young (53248K), 3 survivors (6144K)
 Metaspace       used 63116K, committed 63808K, reserved 1114112K
  class space    used 8659K, committed 8960K, reserved 1048576K
}
Event: 4.675 GC heap after
{Heap after GC invocations=20 (full 0):
 garbage-first heap   total 94208K, used 31797K [0x0000000704400000, 0x0000000800000000)
  region size 2048K, 3 young (6144K), 3 survivors (6144K)
 Metaspace       used 63116K, committed 63808K, reserved 1114112K
  class space    used 8659K, committed 8960K, reserved 1048576K
}
Event: 4.975 GC heap before
{Heap before GC invocations=21 (full 0):
 garbage-first heap   total 94208K, used 78901K [0x0000000704400000, 0x0000000800000000)
  region size 2048K, 26 young (53248K), 3 survivors (6144K)
 Metaspace       used 67035K, committed 67776K, reserved 1114112K
  class space    used 9252K, committed 9600K, reserved 1048576K
}
Event: 4.978 GC heap after
{Heap after GC invocations=22 (full 0):
 garbage-first heap   total 114688K, used 33638K [0x0000000704400000, 0x0000000800000000)
  region size 2048K, 4 young (8192K), 4 survivors (8192K)
 Metaspace       used 67035K, committed 67776K, reserved 1114112K
  class space    used 9252K, committed 9600K, reserved 1048576K
}

