# JRE version: Java(TM) SE Runtime Environment (21.0.5+9) (build 21.0.5+9-LTS-239)
# Java VM: Java HotSpot(TM) 64-Bit Server VM (21.0.5+9-LTS-239, mixed mode, emulated-client, sharing, tiered, compressed oops, compressed class ptrs, g1 gc, windows-amd64)
GC Precious Log:
 CardTable entry size: 512
 Card Set container configuration: InlinePtr #cards 4 size 8 Array Of Cards #cards 16 size 48 Howl #buckets 8 coarsen threshold 3686 Howl Bitmap #cards 512 size 80 coarsen threshold 460 Card regions per heap region 1 cards per card region 4096
 CPUs: 12 total, 12 available
 Memory: 16107M
 Large Page Support: Disabled
 NUMA Support: Disabled
 Compressed Oops: Enabled (Zero based)
 Heap Region Size: 2M
 Heap Min Capacity: 8M
 Heap Initial Capacity: 252M
 Heap Max Capacity: 4028M
 Pre-touch: Disabled
 Parallel Workers: 10
 Concurrent Workers: 3
 Concurrent Refinement Workers: 10
 Periodic GC: Disabled
Heap:
 garbage-first heap   total 157696K, used 87229K [0x0000000704400000, 0x0000000800000000)
  region size 2048K, 19 young (38912K), 3 survivors (6144K)
 Metaspace       used 103952K, committed 105152K, reserved 1179648K
  class space    used 13971K, committed 14528K, reserved 1048576K
GC Heap History (20 events):
Event: 19811.397 GC heap before
{Heap before GC invocations=287 (full 17):
 garbage-first heap   total 157696K, used 140125K [0x0000000704400000, 0x0000000800000000)
  region size 2048K, 46 young (94208K), 1 survivors (2048K)
 Metaspace       used 102950K, committed 104192K, reserved 1179648K
  class space    used 13838K, committed 14400K, reserved 1048576K
}
Event: 19811.405 GC heap after
{Heap after GC invocations=288 (full 17):
 garbage-first heap   total 157696K, used 46938K [0x0000000704400000, 0x0000000800000000)
  region size 2048K, 1 young (2048K), 1 survivors (2048K)
 Metaspace       used 102950K, committed 104192K, reserved 1179648K
  class space    used 13838K, committed 14400K, reserved 1048576K
}
Event: 19961.819 GC heap before
{Heap before GC invocations=288 (full 17):
 garbage-first heap   total 157696K, used 139098K [0x0000000704400000, 0x0000000800000000)
  region size 2048K, 46 young (94208K), 1 survivors (2048K)
 Metaspace       used 102950K, committed 104192K, reserved 1179648K
  class space    used 13838K, committed 14400K, reserved 1048576K
}
Event: 19961.822 GC heap after
{Heap after GC invocations=289 (full 17):
 garbage-first heap   total 157696K, used 46970K [0x0000000704400000, 0x0000000800000000)
  region size 2048K, 1 young (2048K), 1 survivors (2048K)
 Metaspace       used 102950K, committed 104192K, reserved 1179648K
  class space    used 13838K, committed 14400K, reserved 1048576K
}
Event: 20112.731 GC heap before
{Heap before GC invocations=290 (full 17):
 garbage-first heap   total 157696K, used 139130K [0x0000000704400000, 0x0000000800000000)
  region size 2048K, 46 young (94208K), 1 survivors (2048K)
 Metaspace       used 102945K, committed 104192K, reserved 1179648K
  class space    used 13836K, committed 14400K, reserved 1048576K
}
Event: 20112.734 GC heap after
{Heap after GC invocations=291 (full 17):
 garbage-first heap   total 157696K, used 47051K [0x0000000704400000, 0x0000000800000000)
  region size 2048K, 1 young (2048K), 1 survivors (2048K)
 Metaspace       used 102945K, committed 104192K, reserved 1179648K
  class space    used 13836K, committed 14400K, reserved 1048576K
}
Event: 20172.966 GC heap before
{Heap before GC invocations=291 (full 17):
 garbage-first heap   total 157696K, used 85963K [0x0000000704400000, 0x0000000800000000)
  region size 2048K, 21 young (43008K), 1 survivors (2048K)
 Metaspace       used 102976K, committed 104192K, reserved 1179648K
  class space    used 13839K, committed 14400K, reserved 1048576K
}
Event: 20172.993 GC heap after
{Heap after GC invocations=292 (full 18):
 garbage-first heap   total 157696K, used 40606K [0x0000000704400000, 0x0000000800000000)
  region size 2048K, 0 young (0K), 0 survivors (0K)
 Metaspace       used 102793K, committed 104192K, reserved 1179648K
  class space    used 13810K, committed 14400K, reserved 1048576K
}
Event: 20173.542 GC heap before
{Heap before GC invocations=292 (full 18):
 garbage-first heap   total 157696K, used 81566K [0x0000000704400000, 0x0000000800000000)
  region size 2048K, 21 young (43008K), 0 survivors (0K)
 Metaspace       used 102935K, committed 104192K, reserved 1179648K
  class space    used 13838K, committed 14400K, reserved 1048576K
}
Event: 20173.546 GC heap after
{Heap after GC invocations=293 (full 18):
 garbage-first heap   total 157696K, used 45076K [0x0000000704400000, 0x0000000800000000)
  region size 2048K, 3 young (6144K), 3 survivors (6144K)
 Metaspace       used 102935K, committed 104192K, reserved 1179648K
  class space    used 13838K, committed 14400K, reserved 1048576K
}
Event: 20174.175 GC heap before
{Heap before GC invocations=294 (full 18):
 garbage-first heap   total 157696K, used 129044K [0x0000000704400000, 0x0000000800000000)
  region size 2048K, 46 young (94208K), 3 survivors (6144K)
 Metaspace       used 103324K, committed 104384K, reserved 1179648K
  class space    used 13898K, committed 14400K, reserved 1048576K
}
Event: 20174.180 GC heap after
{Heap after GC invocations=295 (full 18):
 garbage-first heap   total 157696K, used 50531K [0x0000000704400000, 0x0000000800000000)
  region size 2048K, 5 young (10240K), 5 survivors (10240K)
 Metaspace       used 103324K, committed 104384K, reserved 1179648K
  class space    used 13898K, committed 14400K, reserved 1048576K
}
Event: 20243.003 GC heap before
{Heap before GC invocations=296 (full 18):
 garbage-first heap   total 157696K, used 118115K [0x0000000704400000, 0x0000000800000000)
  region size 2048K, 39 young (79872K), 5 survivors (10240K)
 Metaspace       used 103467K, committed 104640K, reserved 1179648K
  class space    used 13930K, committed 14464K, reserved 1048576K
}
Event: 20243.037 GC heap after
{Heap after GC invocations=297 (full 19):
 garbage-first heap   total 157696K, used 47955K [0x0000000704400000, 0x0000000800000000)
  region size 2048K, 0 young (0K), 0 survivors (0K)
 Metaspace       used 103467K, committed 104640K, reserved 1179648K
  class space    used 13930K, committed 14464K, reserved 1048576K
}
Event: 20243.555 GC heap before
{Heap before GC invocations=297 (full 19):
 garbage-first heap   total 157696K, used 131923K [0x0000000704400000, 0x0000000800000000)
  region size 2048K, 42 young (86016K), 0 survivors (0K)
 Metaspace       used 103555K, committed 104704K, reserved 1179648K
  class space    used 13944K, committed 14464K, reserved 1048576K
}
Event: 20243.558 GC heap after
{Heap after GC invocations=298 (full 19):
 garbage-first heap   total 157696K, used 52985K [0x0000000704400000, 0x0000000800000000)
  region size 2048K, 3 young (6144K), 3 survivors (6144K)
 Metaspace       used 103555K, committed 104704K, reserved 1179648K
  class space    used 13944K, committed 14464K, reserved 1048576K
}
Event: 20251.824 GC heap before
{Heap before GC invocations=299 (full 19):
 garbage-first heap   total 157696K, used 122617K [0x0000000704400000, 0x0000000800000000)
  region size 2048K, 38 young (77824K), 3 survivors (6144K)
 Metaspace       used 103792K, committed 104960K, reserved 1179648K
  class space    used 13963K, committed 14528K, reserved 1048576K
}
Event: 20251.834 GC heap after
{Heap after GC invocations=300 (full 19):
 garbage-first heap   total 157696K, used 55831K [0x0000000704400000, 0x0000000800000000)
  region size 2048K, 4 young (8192K), 4 survivors (8192K)
 Metaspace       used 103792K, committed 104960K, reserved 1179648K
  class space    used 13963K, committed 14528K, reserved 1048576K
}
Event: 20350.449 GC heap before
{Heap before GC invocations=301 (full 19):
 garbage-first heap   total 157696K, used 133655K [0x0000000704400000, 0x0000000800000000)
  region size 2048K, 42 young (86016K), 4 survivors (8192K)
 Metaspace       used 103822K, committed 105024K, reserved 1179648K
  class space    used 13963K, committed 14528K, reserved 1048576K
}
Event: 20350.454 GC heap after
{Heap after GC invocations=302 (full 19):
 garbage-first heap   total 157696K, used 56509K [0x0000000704400000, 0x0000000800000000)
  region size 2048K, 3 young (6144K), 3 survivors (6144K)
 Metaspace       used 103822K, committed 105024K, reserved 1179648K
  class space    used 13963K, committed 14528K, reserved 1048576K
}

