# JRE version: Java(TM) SE Runtime Environment (21.0.5+9) (build 21.0.5+9-LTS-239)
# Java VM: Java HotSpot(TM) 64-Bit Server VM (21.0.5+9-LTS-239, mixed mode, emulated-client, sharing, tiered, compressed oops, compressed class ptrs, g1 gc, windows-amd64)
GC Precious Log:
 CardTable entry size: 512
 Card Set container configuration: InlinePtr #cards 4 size 8 Array Of Cards #cards 16 size 48 Howl #buckets 8 coarsen threshold 3686 Howl Bitmap #cards 512 size 80 coarsen threshold 460 Card regions per heap region 1 cards per card region 4096
 CPUs: 12 total, 12 available
 Memory: 16107M
 Large Page Support: Disabled
 NUMA Support: Disabled
 Compressed Oops: Enabled (Zero based)
 Heap Region Size: 2M
 Heap Min Capacity: 8M
 Heap Initial Capacity: 252M
 Heap Max Capacity: 4028M
 Pre-touch: Disabled
 Parallel Workers: 10
 Concurrent Workers: 3
 Concurrent Refinement Workers: 10
 Periodic GC: Disabled
Heap:
 garbage-first heap   total 131072K, used 80310K [0x0000000704400000, 0x0000000800000000)
  region size 2048K, 22 young (45056K), 3 survivors (6144K)
 Metaspace       used 97706K, committed 98560K, reserved 1179648K
  class space    used 13239K, committed 13632K, reserved 1048576K
GC Heap History (20 events):
Event: 1172.263 GC heap before
{Heap before GC invocations=31 (full 0):
 garbage-first heap   total 147456K, used 125533K [0x0000000704400000, 0x0000000800000000)
  region size 2048K, 43 young (88064K), 3 survivors (6144K)
 Metaspace       used 96444K, committed 97664K, reserved 1179648K
  class space    used 13035K, committed 13568K, reserved 1048576K
}
Event: 1172.272 GC heap after
{Heap after GC invocations=32 (full 0):
 garbage-first heap   total 147456K, used 45475K [0x0000000704400000, 0x0000000800000000)
  region size 2048K, 3 young (6144K), 3 survivors (6144K)
 Metaspace       used 96444K, committed 97664K, reserved 1179648K
  class space    used 13035K, committed 13568K, reserved 1048576K
}
Event: 1594.302 GC heap before
{Heap before GC invocations=32 (full 0):
 garbage-first heap   total 147456K, used 125347K [0x0000000704400000, 0x0000000800000000)
  region size 2048K, 43 young (88064K), 3 survivors (6144K)
 Metaspace       used 96458K, committed 97664K, reserved 1179648K
  class space    used 13039K, committed 13568K, reserved 1048576K
}
Event: 1594.306 GC heap after
{Heap after GC invocations=33 (full 0):
 garbage-first heap   total 147456K, used 45688K [0x0000000704400000, 0x0000000800000000)
  region size 2048K, 4 young (8192K), 4 survivors (8192K)
 Metaspace       used 96458K, committed 97664K, reserved 1179648K
  class space    used 13039K, committed 13568K, reserved 1048576K
}
Event: 1954.163 GC heap before
{Heap before GC invocations=33 (full 0):
 garbage-first heap   total 147456K, used 125560K [0x0000000704400000, 0x0000000800000000)
  region size 2048K, 43 young (88064K), 4 survivors (8192K)
 Metaspace       used 96524K, committed 97728K, reserved 1179648K
  class space    used 13042K, committed 13568K, reserved 1048576K
}
Event: 1954.169 GC heap after
{Heap after GC invocations=34 (full 0):
 garbage-first heap   total 147456K, used 44769K [0x0000000704400000, 0x0000000800000000)
  region size 2048K, 3 young (6144K), 3 survivors (6144K)
 Metaspace       used 96524K, committed 97728K, reserved 1179648K
  class space    used 13042K, committed 13568K, reserved 1048576K
}
Event: 2220.185 GC heap before
{Heap before GC invocations=35 (full 0):
 garbage-first heap   total 147456K, used 110305K [0x0000000704400000, 0x0000000800000000)
  region size 2048K, 36 young (73728K), 3 survivors (6144K)
 Metaspace       used 96985K, committed 97920K, reserved 1179648K
  class space    used 13128K, committed 13568K, reserved 1048576K
}
Event: 2220.213 GC heap after
{Heap after GC invocations=36 (full 1):
 garbage-first heap   total 131072K, used 33670K [0x0000000704400000, 0x0000000800000000)
  region size 2048K, 0 young (0K), 0 survivors (0K)
 Metaspace       used 96739K, committed 97856K, reserved 1179648K
  class space    used 13098K, committed 13568K, reserved 1048576K
}
Event: 2220.780 GC heap before
{Heap before GC invocations=36 (full 1):
 garbage-first heap   total 131072K, used 109446K [0x0000000704400000, 0x0000000800000000)
  region size 2048K, 38 young (77824K), 0 survivors (0K)
 Metaspace       used 96981K, committed 97856K, reserved 1179648K
  class space    used 13156K, committed 13568K, reserved 1048576K
}
Event: 2220.783 GC heap after
{Heap after GC invocations=37 (full 1):
 garbage-first heap   total 131072K, used 39775K [0x0000000704400000, 0x0000000800000000)
  region size 2048K, 3 young (6144K), 3 survivors (6144K)
 Metaspace       used 96981K, committed 97856K, reserved 1179648K
  class space    used 13156K, committed 13568K, reserved 1048576K
}
Event: 2241.455 GC heap before
{Heap before GC invocations=38 (full 1):
 garbage-first heap   total 131072K, used 111455K [0x0000000704400000, 0x0000000800000000)
  region size 2048K, 38 young (77824K), 3 survivors (6144K)
 Metaspace       used 97402K, committed 98304K, reserved 1179648K
  class space    used 13220K, committed 13632K, reserved 1048576K
}
Event: 2241.459 GC heap after
{Heap after GC invocations=39 (full 1):
 garbage-first heap   total 131072K, used 44933K [0x0000000704400000, 0x0000000800000000)
  region size 2048K, 4 young (8192K), 4 survivors (8192K)
 Metaspace       used 97402K, committed 98304K, reserved 1179648K
  class space    used 13220K, committed 13632K, reserved 1048576K
}
Event: 2611.435 GC heap before
{Heap before GC invocations=39 (full 1):
 garbage-first heap   total 131072K, used 106373K [0x0000000704400000, 0x0000000800000000)
  region size 2048K, 34 young (69632K), 4 survivors (8192K)
 Metaspace       used 97412K, committed 98304K, reserved 1179648K
  class space    used 13221K, committed 13632K, reserved 1048576K
}
Event: 2611.445 GC heap after
{Heap after GC invocations=40 (full 1):
 garbage-first heap   total 131072K, used 46223K [0x0000000704400000, 0x0000000800000000)
  region size 2048K, 1 young (2048K), 1 survivors (2048K)
 Metaspace       used 97412K, committed 98304K, reserved 1179648K
  class space    used 13221K, committed 13632K, reserved 1048576K
}
Event: 2744.188 GC heap before
{Heap before GC invocations=40 (full 1):
 garbage-first heap   total 131072K, used 113807K [0x0000000704400000, 0x0000000800000000)
  region size 2048K, 35 young (71680K), 1 survivors (2048K)
 Metaspace       used 97572K, committed 98432K, reserved 1179648K
  class space    used 13231K, committed 13632K, reserved 1048576K
}
Event: 2744.194 GC heap after
{Heap after GC invocations=41 (full 1):
 garbage-first heap   total 131072K, used 46341K [0x0000000704400000, 0x0000000800000000)
  region size 2048K, 1 young (2048K), 1 survivors (2048K)
 Metaspace       used 97572K, committed 98432K, reserved 1179648K
  class space    used 13231K, committed 13632K, reserved 1048576K
}
Event: 2904.592 GC heap before
{Heap before GC invocations=42 (full 1):
 garbage-first heap   total 131072K, used 89349K [0x0000000704400000, 0x0000000800000000)
  region size 2048K, 23 young (47104K), 1 survivors (2048K)
 Metaspace       used 97374K, committed 98496K, reserved 1179648K
  class space    used 13172K, committed 13632K, reserved 1048576K
}
Event: 2904.660 GC heap after
{Heap after GC invocations=43 (full 2):
 garbage-first heap   total 131072K, used 37552K [0x0000000704400000, 0x0000000800000000)
  region size 2048K, 0 young (0K), 0 survivors (0K)
 Metaspace       used 97199K, committed 98368K, reserved 1179648K
  class space    used 13157K, committed 13632K, reserved 1048576K
}
Event: 2905.552 GC heap before
{Heap before GC invocations=43 (full 2):
 garbage-first heap   total 131072K, used 113328K [0x0000000704400000, 0x0000000800000000)
  region size 2048K, 38 young (77824K), 0 survivors (0K)
 Metaspace       used 97431K, committed 98368K, reserved 1179648K
  class space    used 13212K, committed 13632K, reserved 1048576K
}
Event: 2905.555 GC heap after
{Heap after GC invocations=44 (full 2):
 garbage-first heap   total 131072K, used 43446K [0x0000000704400000, 0x0000000800000000)
  region size 2048K, 3 young (6144K), 3 survivors (6144K)
 Metaspace       used 97431K, committed 98368K, reserved 1179648K
  class space    used 13212K, committed 13632K, reserved 1048576K
}

