# JRE version: Java(TM) SE Runtime Environment (21.0.5+9) (build 21.0.5+9-LTS-239)
# Java VM: Java HotSpot(TM) 64-Bit Server VM (21.0.5+9-LTS-239, mixed mode, emulated-client, sharing, tiered, compressed oops, compressed class ptrs, g1 gc, windows-amd64)
GC Precious Log:
 CardTable entry size: 512
 Card Set container configuration: InlinePtr #cards 4 size 8 Array Of Cards #cards 16 size 48 Howl #buckets 8 coarsen threshold 3686 Howl Bitmap #cards 512 size 80 coarsen threshold 460 Card regions per heap region 1 cards per card region 4096
 CPUs: 12 total, 12 available
 Memory: 16107M
 Large Page Support: Disabled
 NUMA Support: Disabled
 Compressed Oops: Enabled (Zero based)
 Heap Region Size: 2M
 Heap Min Capacity: 8M
 Heap Initial Capacity: 252M
 Heap Max Capacity: 4028M
 Pre-touch: Disabled
 Parallel Workers: 10
 Concurrent Workers: 3
 Concurrent Refinement Workers: 10
 Periodic GC: Disabled
Heap:
 garbage-first heap   total 137216K, used 117503K [0x0000000704400000, 0x0000000800000000)
  region size 2048K, 37 young (75776K), 3 survivors (6144K)
 Metaspace       used 100314K, committed 101248K, reserved 1179648K
  class space    used 13573K, committed 13952K, reserved 1048576K
GC Heap History (20 events):
Event: 2178.124 GC heap after
{Heap after GC invocations=79 (full 4):
 garbage-first heap   total 147456K, used 49404K [0x0000000704400000, 0x0000000800000000)
  region size 2048K, 2 young (4096K), 2 survivors (4096K)
 Metaspace       used 99892K, committed 100864K, reserved 1179648K
  class space    used 13510K, committed 13952K, reserved 1048576K
}
Event: 2224.622 GC heap before
{Heap before GC invocations=79 (full 4):
 garbage-first heap   total 147456K, used 129276K [0x0000000704400000, 0x0000000800000000)
  region size 2048K, 41 young (83968K), 2 survivors (4096K)
 Metaspace       used 99892K, committed 100864K, reserved 1179648K
  class space    used 13510K, committed 13952K, reserved 1048576K
}
Event: 2224.624 GC heap after
{Heap after GC invocations=80 (full 4):
 garbage-first heap   total 147456K, used 49556K [0x0000000704400000, 0x0000000800000000)
  region size 2048K, 2 young (4096K), 2 survivors (4096K)
 Metaspace       used 99892K, committed 100864K, reserved 1179648K
  class space    used 13510K, committed 13952K, reserved 1048576K
}
Event: 2270.997 GC heap before
{Heap before GC invocations=81 (full 4):
 garbage-first heap   total 147456K, used 129428K [0x0000000704400000, 0x0000000800000000)
  region size 2048K, 41 young (83968K), 2 survivors (4096K)
 Metaspace       used 99733K, committed 100864K, reserved 1179648K
  class space    used 13491K, committed 13952K, reserved 1048576K
}
Event: 2271.000 GC heap after
{Heap after GC invocations=82 (full 4):
 garbage-first heap   total 147456K, used 49833K [0x0000000704400000, 0x0000000800000000)
  region size 2048K, 3 young (6144K), 3 survivors (6144K)
 Metaspace       used 99733K, committed 100864K, reserved 1179648K
  class space    used 13491K, committed 13952K, reserved 1048576K
}
Event: 2315.081 GC heap before
{Heap before GC invocations=82 (full 4):
 garbage-first heap   total 147456K, used 125609K [0x0000000704400000, 0x0000000800000000)
  region size 2048K, 40 young (81920K), 3 survivors (6144K)
 Metaspace       used 99733K, committed 100864K, reserved 1179648K
  class space    used 13491K, committed 13952K, reserved 1048576K
}
Event: 2315.083 GC heap after
{Heap after GC invocations=83 (full 4):
 garbage-first heap   total 147456K, used 48959K [0x0000000704400000, 0x0000000800000000)
  region size 2048K, 2 young (4096K), 2 survivors (4096K)
 Metaspace       used 99733K, committed 100864K, reserved 1179648K
  class space    used 13491K, committed 13952K, reserved 1048576K
}
Event: 2362.980 GC heap before
{Heap before GC invocations=83 (full 4):
 garbage-first heap   total 147456K, used 130879K [0x0000000704400000, 0x0000000800000000)
  region size 2048K, 42 young (86016K), 2 survivors (4096K)
 Metaspace       used 99733K, committed 100864K, reserved 1179648K
  class space    used 13491K, committed 13952K, reserved 1048576K
}
Event: 2362.982 GC heap after
{Heap after GC invocations=84 (full 4):
 garbage-first heap   total 147456K, used 48756K [0x0000000704400000, 0x0000000800000000)
  region size 2048K, 2 young (4096K), 2 survivors (4096K)
 Metaspace       used 99733K, committed 100864K, reserved 1179648K
  class space    used 13491K, committed 13952K, reserved 1048576K
}
Event: 2371.862 GC heap before
{Heap before GC invocations=85 (full 4):
 garbage-first heap   total 147456K, used 67188K [0x0000000704400000, 0x0000000800000000)
  region size 2048K, 12 young (24576K), 2 survivors (4096K)
 Metaspace       used 99802K, committed 100864K, reserved 1179648K
  class space    used 13497K, committed 13952K, reserved 1048576K
}
Event: 2371.895 GC heap after
{Heap after GC invocations=86 (full 5):
 garbage-first heap   total 137216K, used 37532K [0x0000000704400000, 0x0000000800000000)
  region size 2048K, 0 young (0K), 0 survivors (0K)
 Metaspace       used 99710K, committed 100864K, reserved 1179648K
  class space    used 13475K, committed 13952K, reserved 1048576K
}
Event: 2372.562 GC heap before
{Heap before GC invocations=86 (full 5):
 garbage-first heap   total 137216K, used 92828K [0x0000000704400000, 0x0000000800000000)
  region size 2048K, 28 young (57344K), 0 survivors (0K)
 Metaspace       used 99917K, committed 100928K, reserved 1179648K
  class space    used 13520K, committed 13952K, reserved 1048576K
}
Event: 2372.565 GC heap after
{Heap after GC invocations=87 (full 5):
 garbage-first heap   total 137216K, used 43203K [0x0000000704400000, 0x0000000800000000)
  region size 2048K, 3 young (6144K), 3 survivors (6144K)
 Metaspace       used 99917K, committed 100928K, reserved 1179648K
  class space    used 13520K, committed 13952K, reserved 1048576K
}
Event: 2402.340 GC heap before
{Heap before GC invocations=88 (full 5):
 garbage-first heap   total 137216K, used 118979K [0x0000000704400000, 0x0000000800000000)
  region size 2048K, 40 young (81920K), 3 survivors (6144K)
 Metaspace       used 100049K, committed 100992K, reserved 1179648K
  class space    used 13545K, committed 13952K, reserved 1048576K
}
Event: 2402.345 GC heap after
{Heap after GC invocations=89 (full 5):
 garbage-first heap   total 137216K, used 44007K [0x0000000704400000, 0x0000000800000000)
  region size 2048K, 3 young (6144K), 3 survivors (6144K)
 Metaspace       used 100049K, committed 100992K, reserved 1179648K
  class space    used 13545K, committed 13952K, reserved 1048576K
}
Event: 2403.041 GC heap before
{Heap before GC invocations=89 (full 5):
 garbage-first heap   total 137216K, used 113639K [0x0000000704400000, 0x0000000800000000)
  region size 2048K, 38 young (77824K), 3 survivors (6144K)
 Metaspace       used 100263K, committed 101184K, reserved 1179648K
  class space    used 13567K, committed 13952K, reserved 1048576K
}
Event: 2403.045 GC heap after
{Heap after GC invocations=90 (full 5):
 garbage-first heap   total 137216K, used 47312K [0x0000000704400000, 0x0000000800000000)
  region size 2048K, 4 young (8192K), 4 survivors (8192K)
 Metaspace       used 100263K, committed 101184K, reserved 1179648K
  class space    used 13567K, committed 13952K, reserved 1048576K
}
Event: 2403.064 GC heap before
{Heap before GC invocations=90 (full 5):
 garbage-first heap   total 137216K, used 49360K [0x0000000704400000, 0x0000000800000000)
  region size 2048K, 6 young (12288K), 4 survivors (8192K)
 Metaspace       used 100267K, committed 101248K, reserved 1179648K
  class space    used 13568K, committed 13952K, reserved 1048576K
}
Event: 2403.067 GC heap after
{Heap after GC invocations=91 (full 5):
 garbage-first heap   total 137216K, used 47871K [0x0000000704400000, 0x0000000800000000)
  region size 2048K, 3 young (6144K), 3 survivors (6144K)
 Metaspace       used 100267K, committed 101248K, reserved 1179648K
  class space    used 13568K, committed 13952K, reserved 1048576K
}
Event: 2438.203 GC heap before
{Heap before GC invocations=92 (full 5):
 garbage-first heap   total 137216K, used 117503K [0x0000000704400000, 0x0000000800000000)
  region size 2048K, 37 young (75776K), 3 survivors (6144K)
 Metaspace       used 100314K, committed 101248K, reserved 1179648K
  class space    used 13573K, committed 13952K, reserved 1048576K
}

